C:\Users\Administrator\Downloads\New folder\LibraryManager\src\java\Controller\AuthorController.java
C:\Users\Administrator\Downloads\New folder\LibraryManager\src\java\Controller\BookController.java
C:\Users\Administrator\Downloads\New folder\LibraryManager\src\java\Controller\BookFileController.java
C:\Users\Administrator\Downloads\New folder\LibraryManager\src\java\Controller\BorrowController.java
C:\Users\Administrator\Downloads\New folder\LibraryManager\src\java\Controller\CategoryController.java
C:\Users\Administrator\Downloads\New folder\LibraryManager\src\java\Controller\Login.java
C:\Users\Administrator\Downloads\New folder\LibraryManager\src\java\Controller\Logout.java
C:\Users\Administrator\Downloads\New folder\LibraryManager\src\java\Controller\OrdersController.java
C:\Users\Administrator\Downloads\New folder\LibraryManager\src\java\Controller\PublisherController.java
C:\Users\Administrator\Downloads\New folder\LibraryManager\src\java\Controller\StaffController.java
C:\Users\Administrator\Downloads\New folder\LibraryManager\src\java\Controller\StudentController.java
C:\Users\Administrator\Downloads\New folder\LibraryManager\src\java\Entities\Author.java
C:\Users\Administrator\Downloads\New folder\LibraryManager\src\java\Entities\Book.java
C:\Users\Administrator\Downloads\New folder\LibraryManager\src\java\Entities\BookAuthor.java
C:\Users\Administrator\Downloads\New folder\LibraryManager\src\java\Entities\BookCode.java
C:\Users\Administrator\Downloads\New folder\LibraryManager\src\java\Entities\BookFile.java
C:\Users\Administrator\Downloads\New folder\LibraryManager\src\java\Entities\BookPrice.java
C:\Users\Administrator\Downloads\New folder\LibraryManager\src\java\Entities\Borrow.java
C:\Users\Administrator\Downloads\New folder\LibraryManager\src\java\Entities\BorrowItem.java
C:\Users\Administrator\Downloads\New folder\LibraryManager\src\java\Entities\Category.java
C:\Users\Administrator\Downloads\New folder\LibraryManager\src\java\Entities\OrderDetail.java
C:\Users\Administrator\Downloads\New folder\LibraryManager\src\java\Entities\Orders.java
C:\Users\Administrator\Downloads\New folder\LibraryManager\src\java\Entities\Price.java
C:\Users\Administrator\Downloads\New folder\LibraryManager\src\java\Entities\Publisher.java
C:\Users\Administrator\Downloads\New folder\LibraryManager\src\java\Entities\Role.java
C:\Users\Administrator\Downloads\New folder\LibraryManager\src\java\Entities\Staff.java
C:\Users\Administrator\Downloads\New folder\LibraryManager\src\java\Entities\StaffRole.java
C:\Users\Administrator\Downloads\New folder\LibraryManager\src\java\Entities\Student.java
C:\Users\Administrator\Downloads\New folder\LibraryManager\src\java\Filter\AuthFilter.java
C:\Users\Administrator\Downloads\New folder\LibraryManager\src\java\Model\DAOAuthor.java
C:\Users\Administrator\Downloads\New folder\LibraryManager\src\java\Model\DAOBook.java
C:\Users\Administrator\Downloads\New folder\LibraryManager\src\java\Model\DAOBookAuthor.java
C:\Users\Administrator\Downloads\New folder\LibraryManager\src\java\Model\DAOBookCode.java
C:\Users\Administrator\Downloads\New folder\LibraryManager\src\java\Model\DAOBookFile.java
C:\Users\Administrator\Downloads\New folder\LibraryManager\src\java\Model\DAOBookPrice.java
C:\Users\Administrator\Downloads\New folder\LibraryManager\src\java\Model\DAOBorrow.java
C:\Users\Administrator\Downloads\New folder\LibraryManager\src\java\Model\DAOBorrowItem.java
C:\Users\Administrator\Downloads\New folder\LibraryManager\src\java\Model\DAOCategory.java
C:\Users\Administrator\Downloads\New folder\LibraryManager\src\java\Model\DAOOrderDetail.java
C:\Users\Administrator\Downloads\New folder\LibraryManager\src\java\Model\DAOOrders.java
C:\Users\Administrator\Downloads\New folder\LibraryManager\src\java\Model\DAOPrice.java
C:\Users\Administrator\Downloads\New folder\LibraryManager\src\java\Model\DAOPublisher.java
C:\Users\Administrator\Downloads\New folder\LibraryManager\src\java\Model\DAORole.java
C:\Users\Administrator\Downloads\New folder\LibraryManager\src\java\Model\DAOStaff.java
C:\Users\Administrator\Downloads\New folder\LibraryManager\src\java\Model\DAOStaffRole.java
C:\Users\Administrator\Downloads\New folder\LibraryManager\src\java\Model\DAOStudent.java
C:\Users\Administrator\Downloads\New folder\LibraryManager\src\java\Model\DBConnection.java
C:\Users\Administrator\Downloads\New folder\LibraryManager\src\java\Utils\RoleUtils.java
